2019-10-28 14:01:41 [scrapy.utils.log] INFO: Scrapy 1.7.0 started (bot: yuedu163Spider)
2019-10-28 14:01:41 [scrapy.utils.log] INFO: Versions: lxml 4.4.1.0, libxml2 2.9.5, cssselect 1.1.0, parsel 1.5.2, w3lib 1.21.0, Twisted 19.7.0, Python 3.7.4 (tags/v3.7.4:e09359112e, Jul  8 2019, 20:34:20) [MSC v.1916 64 bit (AMD64)], pyOpenSSL 19.0.0 (OpenSSL 1.1.1c  28 May 2019), cryptography 2.7, Platform Windows-10-10.0.18362-SP0
2019-10-28 14:01:41 [scrapy.crawler] INFO: Overridden settings: {'BOT_NAME': 'yuedu163Spider', 'FEED_URI': 'file:///C:/Users/admin/Desktop/yyl-docs/pycharm/Python-spider/READCODE/scrapyd/scripts/items/yuedu163Spider/myspider/6680830af94811e99667cf50d0e7550f.jl', 'LOG_FILE': 'logs\\yuedu163Spider\\myspider\\6680830af94811e99667cf50d0e7550f.log', 'NEWSPIDER_MODULE': 'yuedu163Spider.spiders', 'SPIDER_MODULES': ['yuedu163Spider.spiders']}
2019-10-28 14:01:41 [scrapy.extensions.telnet] INFO: Telnet Password: b86bca2ddb9adcbc
2019-10-28 14:01:41 [scrapy.middleware] INFO: Enabled extensions:
['scrapy.extensions.corestats.CoreStats',
 'scrapy.extensions.telnet.TelnetConsole',
 'scrapy.extensions.feedexport.FeedExporter',
 'scrapy.extensions.logstats.LogStats']
2019-10-28 14:01:41 [scrapy.middleware] INFO: Enabled downloader middlewares:
['scrapy.downloadermiddlewares.httpauth.HttpAuthMiddleware',
 'scrapy.downloadermiddlewares.downloadtimeout.DownloadTimeoutMiddleware',
 'scrapy.downloadermiddlewares.defaultheaders.DefaultHeadersMiddleware',
 'scrapy.downloadermiddlewares.useragent.UserAgentMiddleware',
 'scrapy.downloadermiddlewares.retry.RetryMiddleware',
 'scrapy.downloadermiddlewares.redirect.MetaRefreshMiddleware',
 'scrapy.downloadermiddlewares.httpcompression.HttpCompressionMiddleware',
 'scrapy.downloadermiddlewares.redirect.RedirectMiddleware',
 'scrapy.downloadermiddlewares.cookies.CookiesMiddleware',
 'scrapy.downloadermiddlewares.httpproxy.HttpProxyMiddleware',
 'scrapy.downloadermiddlewares.stats.DownloaderStats']
2019-10-28 14:01:41 [scrapy.middleware] INFO: Enabled spider middlewares:
['scrapy.spidermiddlewares.httperror.HttpErrorMiddleware',
 'scrapy.spidermiddlewares.offsite.OffsiteMiddleware',
 'scrapy.spidermiddlewares.referer.RefererMiddleware',
 'scrapy.spidermiddlewares.urllength.UrlLengthMiddleware',
 'scrapy.spidermiddlewares.depth.DepthMiddleware']
2019-10-28 14:01:41 [scrapy.middleware] INFO: Enabled item pipelines:
[]
2019-10-28 14:01:41 [scrapy.core.engine] INFO: Spider opened
2019-10-28 14:01:41 [scrapy.extensions.logstats] INFO: Crawled 0 pages (at 0 pages/min), scraped 0 items (at 0 items/min)
2019-10-28 14:01:41 [scrapy.extensions.telnet] INFO: Telnet console listening on 127.0.0.1:6023
2019-10-28 14:01:42 [scrapy.core.engine] DEBUG: Crawled (200) <GET http://yuedu.163.com/> (referer: None)
2019-10-28 14:01:42 [scrapy.core.engine] DEBUG: Crawled (200) <GET http://yuedu.163.com/book/category/category/12000/12051> (referer: http://yuedu.163.com/)
2019-10-28 14:01:42 [scrapy.core.engine] DEBUG: Crawled (200) <GET http://yuedu.163.com/book/category/category/12000/12119> (referer: http://yuedu.163.com/)
2019-10-28 14:01:42 [scrapy.core.engine] DEBUG: Crawled (200) <GET http://yuedu.163.com/book/category/category/12000/12002> (referer: http://yuedu.163.com/)
2019-10-28 14:01:42 [scrapy.core.engine] DEBUG: Crawled (200) <GET http://yuedu.163.com/book/category/category/12000/12030> (referer: http://yuedu.163.com/)
2019-10-28 14:01:42 [scrapy.core.engine] DEBUG: Crawled (200) <GET http://yuedu.163.com/book/category/category/12000/12047> (referer: http://yuedu.163.com/)
2019-10-28 14:01:42 [scrapy.core.engine] DEBUG: Crawled (200) <GET http://yuedu.163.com/book/category/category/12000/12001> (referer: http://yuedu.163.com/)
2019-10-28 14:01:42 [scrapy.core.engine] DEBUG: Crawled (200) <GET http://yuedu.163.com/book/category/category/3200> (referer: http://yuedu.163.com/)
2019-10-28 14:01:42 [scrapy.dupefilters] DEBUG: Filtered duplicate request: <GET http://yuedu.163.com/book/category/category/12000/12051> - no more duplicates will be shown (see DUPEFILTER_DEBUG to show all duplicates)
2019-10-28 14:01:42 [scrapy.core.engine] DEBUG: Crawled (200) <GET http://yuedu.163.com/book/category/category/12000> (referer: http://yuedu.163.com/)
2019-10-28 14:01:42 [scrapy.core.engine] DEBUG: Crawled (200) <GET http://yuedu.163.com/book/category/category/2700> (referer: http://yuedu.163.com/)
2019-10-28 14:01:42 [scrapy.core.engine] DEBUG: Crawled (200) <GET http://yuedu.163.com/book/category/category/2500> (referer: http://yuedu.163.com/)
2019-10-28 14:01:42 [scrapy.core.engine] DEBUG: Crawled (200) <GET http://yuedu.163.com/book/category/category/3000> (referer: http://yuedu.163.com/)
2019-10-28 14:01:42 [scrapy.core.engine] DEBUG: Crawled (200) <GET http://yuedu.163.com/book/category/category/2400> (referer: http://yuedu.163.com/)
2019-10-28 14:01:42 [scrapy.core.engine] DEBUG: Crawled (200) <GET http://yuedu.163.com/book/category/category/2800> (referer: http://yuedu.163.com/)
2019-10-28 14:01:42 [scrapy.core.engine] DEBUG: Crawled (200) <GET http://yuedu.163.com/source/a177475c0fb24f3f85845611b679f303_4> (referer: http://yuedu.163.com/)
2019-10-28 14:01:42 [scrapy.core.engine] DEBUG: Crawled (200) <GET http://yuedu.163.com/book/category/category/3100> (referer: http://yuedu.163.com/)
2019-10-28 14:01:42 [scrapy.core.engine] DEBUG: Crawled (200) <GET http://yuedu.163.com/book/category/category/2100> (referer: http://yuedu.163.com/)
2019-10-28 14:01:42 [scrapy.core.engine] DEBUG: Crawled (404) <GET http://yuedu.163.com/source/e58b1b4e46bd4b998ed47d5246096b4c_4> (referer: http://yuedu.163.com/)
2019-10-28 14:01:42 [scrapy.core.engine] DEBUG: Crawled (200) <GET http://guofeng.yuedu.163.com/yc/category/7> (referer: http://yuedu.163.com/)
2019-10-28 14:01:43 [scrapy.core.engine] DEBUG: Crawled (200) <GET http://yuedu.163.com/source/848a5810e17f48c39c672461b7420bff_4> (referer: http://yuedu.163.com/)
2019-10-28 14:01:43 [scrapy.core.engine] DEBUG: Crawled (200) <GET http://yuedu.163.com/source/f1b130ce717547ce83f88241f2e50d06_4> (referer: http://yuedu.163.com/)
2019-10-28 14:01:43 [scrapy.core.engine] DEBUG: Crawled (200) <GET http://yuedu.163.com/source/1d95254e8a4948f2b960580d1d3bd666_4> (referer: http://yuedu.163.com/)
2019-10-28 14:01:43 [scrapy.core.engine] DEBUG: Crawled (200) <GET http://yuedu.163.com/source/8def9cabf67e436ebb7c64bee92f7ba7_4> (referer: http://yuedu.163.com/)
2019-10-28 14:01:43 [scrapy.core.engine] DEBUG: Crawled (200) <GET http://yuedu.163.com/source/dfac062f04b64cdf93cc58de8500929a_4> (referer: http://yuedu.163.com/)
2019-10-28 14:01:43 [scrapy.core.engine] DEBUG: Crawled (200) <GET http://yuedu.163.com/book/category/category/2800/2801> (referer: http://yuedu.163.com/book/category/category/12000/12051)
2019-10-28 14:01:43 [scrapy.core.engine] DEBUG: Crawled (200) <GET http://yuedu.163.com/book/category/category/2100/2104> (referer: http://yuedu.163.com/book/category/category/12000/12051)
2019-10-28 14:01:43 [scrapy.spidermiddlewares.httperror] INFO: Ignoring response <404 http://yuedu.163.com/source/e58b1b4e46bd4b998ed47d5246096b4c_4>: HTTP status code is not handled or not allowed
2019-10-28 14:01:43 [scrapy.core.scraper] DEBUG: Scraped from <200 http://yuedu.163.com/source/a177475c0fb24f3f85845611b679f303_4>
{'bookAllClick': '社会小说',
 'bookAuthor': '阿耐',
 'bookCommentNum': '43',
 'bookCommentScore': '10.0',
 'bookId': 'a177475c0fb24f3f85845611b679f303_4',
 'bookImageUrl': 'https://easyreadfs.nosdn.127.net/bY8ZNptf8p0KjsUrL46HbA==/8796093024767600152',
 'bookLink': 'http://yuedu.163.com/source/a177475c0fb24f3f85845611b679f303_4',
 'bookName': '大江大河（共4册）',
 'bookStatus': '196.3万',
 'bookType': '',
 'bookWords': '671.4万'}
2019-10-28 14:01:43 [scrapy.core.engine] DEBUG: Crawled (200) <GET http://yuedu.163.com/book/category/category/2700/2705> (referer: http://yuedu.163.com/book/category/category/12000/12051)
2019-10-28 14:01:44 [scrapy.core.engine] DEBUG: Crawled (200) <GET http://yuedu.163.com/book/category/category/2700/2704> (referer: http://yuedu.163.com/book/category/category/12000/12051)
2019-10-28 14:01:44 [scrapy.core.engine] DEBUG: Crawled (200) <GET http://yuedu.163.com/book/category/category/2700/2703> (referer: http://yuedu.163.com/book/category/category/12000/12051)
2019-10-28 14:01:44 [scrapy.core.engine] DEBUG: Crawled (200) <GET http://yuedu.163.com/book/category/category/2700/2702> (referer: http://yuedu.163.com/book/category/category/12000/12051)
2019-10-28 14:01:44 [scrapy.core.engine] DEBUG: Crawled (200) <GET http://yuedu.163.com/book/category/category/2700/2701> (referer: http://yuedu.163.com/book/category/category/12000/12051)
2019-10-28 14:01:44 [scrapy.core.engine] DEBUG: Crawled (200) <GET http://yuedu.163.com/book/category/category/2900/2912> (referer: http://yuedu.163.com/book/category/category/12000/12051)
2019-10-28 14:01:44 [scrapy.core.engine] DEBUG: Crawled (200) <GET http://yuedu.163.com/book/category/category/2900/2911> (referer: http://yuedu.163.com/book/category/category/12000/12051)
2019-10-28 14:01:44 [scrapy.core.engine] DEBUG: Crawled (200) <GET http://yuedu.163.com/book/category/category/12000/12038> (referer: http://yuedu.163.com/book/category/category/12000/12051)
2019-10-28 14:01:44 [scrapy.core.scraper] DEBUG: Scraped from <200 http://yuedu.163.com/source/f1b130ce717547ce83f88241f2e50d06_4>
{'bookAllClick': '心理学',
 'bookAuthor': '陈立飞',
 'bookCommentNum': '28',
 'bookCommentScore': '10.0',
 'bookId': 'f1b130ce717547ce83f88241f2e50d06_4',
 'bookImageUrl': 'https://easyreadfs.nosdn.127.net/OQ6_Oqqfg4BZLOipfr5c7w==/8796093024006730994',
 'bookLink': 'http://yuedu.163.com/source/f1b130ce717547ce83f88241f2e50d06_4',
 'bookName': '个体崛起',
 'bookStatus': '11.0万',
 'bookType': '',
 'bookWords': '387.2万'}
2019-10-28 14:01:44 [scrapy.core.scraper] DEBUG: Scraped from <200 http://yuedu.163.com/source/1d95254e8a4948f2b960580d1d3bd666_4>
{'bookAllClick': '外国小说',
 'bookAuthor': '【美】卡勒德·胡赛尼,李继宏',
 'bookCommentNum': '76',
 'bookCommentScore': '10.0',
 'bookId': '1d95254e8a4948f2b960580d1d3bd666_4',
 'bookImageUrl': 'https://easyreadfs.nosdn.127.net/G1gEVpiizf1N4nf-h2pKDw==/8796093024769320790',
 'bookLink': 'http://yuedu.163.com/source/1d95254e8a4948f2b960580d1d3bd666_4',
 'bookName': '追风筝的人',
 'bookStatus': '19.1万',
 'bookType': '',
 'bookWords': '365.6万'}
2019-10-28 14:01:44 [scrapy.core.scraper] DEBUG: Scraped from <200 http://yuedu.163.com/source/dfac062f04b64cdf93cc58de8500929a_4>
{'bookAllClick': '纪实文学',
 'bookAuthor': '王瑞恩',
 'bookCommentNum': '10',
 'bookCommentScore': '10.0',
 'bookId': 'dfac062f04b64cdf93cc58de8500929a_4',
 'bookImageUrl': 'https://easyreadfs.nosdn.127.net/XKrbD-MUYZIGTCbM9XDnzg==/8796093024065552140',
 'bookLink': 'http://yuedu.163.com/source/dfac062f04b64cdf93cc58de8500929a_4',
 'bookName': '美国怎么了',
 'bookStatus': '4.2万',
 'bookType': '',
 'bookWords': '266.0万'}
2019-10-28 14:01:44 [scrapy.core.scraper] DEBUG: Scraped from <200 http://yuedu.163.com/source/8def9cabf67e436ebb7c64bee92f7ba7_4>
{'bookAllClick': '情绪情商',
 'bookAuthor': '艾米',
 'bookCommentNum': '19',
 'bookCommentScore': '10.0',
 'bookId': '8def9cabf67e436ebb7c64bee92f7ba7_4',
 'bookImageUrl': 'https://easyreadfs.nosdn.127.net/dO2gmanTxjVOoHnZfFuw7g==/8796093024382429997',
 'bookLink': 'http://yuedu.163.com/source/8def9cabf67e436ebb7c64bee92f7ba7_4',
 'bookName': '极简的力量',
 'bookStatus': '8.4万',
 'bookType': '',
 'bookWords': '373.3万'}
